<?xml version="1.0" encoding="UTF-8"?>
<testsuite xmlns:xsi="http://www.w3.org/2001/XMLSchema-instance" xsi:noNamespaceSchemaLocation="https://maven.apache.org/surefire/maven-surefire-plugin/xsd/surefire-test-report.xsd" version="3.0.2" name="io.backend.fileservice.FileserviceApplicationTests" time="0.964" tests="1" errors="0" skipped="0" failures="0">
  <properties>
[...]
</properties>
  <testcase name="contextLoads" classname="io.backend.fileservice.FileserviceApplicationTests" time="0.342">
    <system-out><![CDATA[11:46:32.281 [main] INFO org.springframework.test.context.support.AnnotationConfigContextLoaderUtils -- Could not detect default configuration classes for test class [io.backend.fileservice.FileserviceApplicationTests]: FileserviceApplicationTests does not declare any static, non-private, non-final, nested classes annotated with @Configuration.
11:46:32.331 [main] INFO org.springframework.boot.test.context.SpringBootTestContextBootstrapper -- Found @SpringBootConfiguration io.backend.fileservice.FileserviceApplication for test class io.backend.fileservice.FileserviceApplicationTests

  .   ____          _            __ _ _
 /\\ / ___'_ __ _ _(_)_ __  __ _ \ \ \ \
( ( )\___ | '_ | '_| | '_ \/ _` | \ \ \ \
 \\/  ___)| |_)| | | | | || (_| |  ) ) ) )
  '  |____| .__|_| |_|_| |_\__, | / / / /
 =========|_|==============|___/=/_/_/_/

 :: Spring Boot ::                (v3.5.3)

2025-07-22T11:46:32.467+02:00  INFO 49801 --- [fileservice] [           main] i.b.f.FileserviceApplicationTests        : Starting FileserviceApplicationTests using Java 24.0.1 with PID 49801 (started by sarasaad in /Users/sarasaad/Documents/BDMA /UTN Internship/Data Loom/file-management-platform/backend)
2025-07-22T11:46:32.468+02:00  INFO 49801 --- [fileservice] [           main] i.b.f.FileserviceApplicationTests        : No active profile set, falling back to 1 default profile: "default"
2025-07-22T11:46:32.849+02:00  INFO 49801 --- [fileservice] [           main] i.b.f.FileserviceApplicationTests        : Started FileserviceApplicationTests in 0.467 seconds (process running for 0.789)
]]></system-out>
    <system-err><![CDATA[Mockito is currently self-attaching to enable the inline-mock-maker. This will no longer work in future releases of the JDK. Please add Mockito as an agent to your build as described in Mockito's documentation: https://javadoc.io/doc/org.mockito/mockito-core/latest/org.mockito/org/mockito/Mockito.html#0.3
WARNING: A Java agent has been loaded dynamically (/Users/sarasaad/.m2/repository/net/bytebuddy/byte-buddy-agent/1.17.6/byte-buddy-agent-1.17.6.jar)
WARNING: If a serviceability tool is in use, please run with -XX:+EnableDynamicAgentLoading to hide this warning
WARNING: If a serviceability tool is not in use, please run with -Djdk.instrument.traceUsage for more information
WARNING: Dynamic loading of agents will be disallowed by default in a future release
]]></system-err>
  </testcase>
</testsuite>